<?xml version="1.0" encoding="UTF-8"?>
<testng-results skipped="0" failed="2" total="4" passed="2">
  <reporter-output>
    <line>
      <![CDATA[C:\Users\ayosi\IdeaProjects\Terkwaz Task\TestScreenshots\DynamicLoadTest2020-11-28 01-18-37.png]]>
    </line>
    <line>
      <![CDATA[io.restassured.internal.ValidatableResponseImpl@6dd1c3ed]]>
    </line>
  </reporter-output>
  <suite name="Suite" duration-ms="191206" started-at="2020-11-27T23:15:50Z" finished-at="2020-11-27T23:19:01Z">
    <groups>
    </groups>
    <test name="GUI" duration-ms="191206" started-at="2020-11-27T23:15:50Z" finished-at="2020-11-27T23:19:01Z">
      <class name="WebGUITests">
        <test-method status="PASS" signature="OneTimeSetup()[pri:0, instance:WebGUITests@5a01ccaa]" name="OneTimeSetup" is-config="true" duration-ms="4199" started-at="2020-11-28T01:15:50Z" finished-at="2020-11-28T01:15:54Z">
          <reporter-output>
          </reporter-output>
        </test-method> <!-- OneTimeSetup -->
        <test-method status="PASS" signature="BeforeTest()[pri:0, instance:WebGUITests@5a01ccaa]" name="BeforeTest" is-config="true" duration-ms="7" started-at="2020-11-28T01:15:54Z" finished-at="2020-11-28T01:15:54Z">
          <reporter-output>
          </reporter-output>
        </test-method> <!-- BeforeTest -->
        <test-method status="FAIL" signature="GoogleTest()[pri:0, instance:WebGUITests@5a01ccaa]" name="GoogleTest" duration-ms="8785" started-at="2020-11-28T01:15:54Z" finished-at="2020-11-28T01:16:03Z">
          <exception class="java.lang.AssertionError">
            <message>
              <![CDATA[expected [true] but found [false]]]>
            </message>
            <full-stacktrace>
              <![CDATA[java.lang.AssertionError: expected [true] but found [false]
	at org.testng.Assert.fail(Assert.java:94)
	at org.testng.Assert.failNotEquals(Assert.java:494)
	at org.testng.Assert.assertTrue(Assert.java:42)
	at org.testng.Assert.assertTrue(Assert.java:52)
	at WebGUITests.GoogleTest(WebGUITests.java:41)
	at sun.reflect.NativeMethodAccessorImpl.invoke0(Native Method)
	at sun.reflect.NativeMethodAccessorImpl.invoke(NativeMethodAccessorImpl.java:62)
	at sun.reflect.DelegatingMethodAccessorImpl.invoke(DelegatingMethodAccessorImpl.java:43)
	at java.lang.reflect.Method.invoke(Method.java:498)
	at org.testng.internal.MethodInvocationHelper.invokeMethod(MethodInvocationHelper.java:80)
	at org.testng.internal.Invoker.invokeMethod(Invoker.java:714)
	at org.testng.internal.Invoker.invokeTestMethod(Invoker.java:901)
	at org.testng.internal.Invoker.invokeTestMethods(Invoker.java:1231)
	at org.testng.internal.TestMethodWorker.invokeTestMethods(TestMethodWorker.java:127)
	at org.testng.internal.TestMethodWorker.run(TestMethodWorker.java:111)
	at org.testng.TestRunner.privateRun(TestRunner.java:767)
	at org.testng.TestRunner.run(TestRunner.java:617)
	at org.testng.SuiteRunner.runTest(SuiteRunner.java:334)
	at org.testng.SuiteRunner.runSequentially(SuiteRunner.java:329)
	at org.testng.SuiteRunner.privateRun(SuiteRunner.java:291)
	at org.testng.SuiteRunner.run(SuiteRunner.java:240)
	at org.testng.SuiteRunnerWorker.runSuite(SuiteRunnerWorker.java:52)
	at org.testng.SuiteRunnerWorker.run(SuiteRunnerWorker.java:86)
	at org.testng.TestNG.runSuitesSequentially(TestNG.java:1198)
	at org.testng.TestNG.runSuitesLocally(TestNG.java:1123)
	at org.testng.TestNG.run(TestNG.java:1031)
	at com.intellij.rt.testng.IDEARemoteTestNG.run(IDEARemoteTestNG.java:66)
	at com.intellij.rt.testng.RemoteTestNGStarter.main(RemoteTestNGStarter.java:109)
]]>
            </full-stacktrace>
          </exception> <!-- java.lang.AssertionError -->
          <reporter-output>
          </reporter-output>
        </test-method> <!-- GoogleTest -->
        <test-method status="PASS" signature="Screenshot(java.lang.reflect.Method)[pri:0, instance:WebGUITests@5a01ccaa]" name="Screenshot" is-config="true" duration-ms="60063" started-at="2020-11-28T01:16:03Z" finished-at="2020-11-28T01:17:03Z">
          <params>
            <param index="0">
              <value>
                <![CDATA[public void WebGUITests.GoogleTest()]]>
              </value>
            </param>
          </params>
          <reporter-output>
          </reporter-output>
        </test-method> <!-- Screenshot -->
        <test-method status="PASS" signature="BeforeTest()[pri:0, instance:WebGUITests@5a01ccaa]" name="BeforeTest" is-config="true" duration-ms="13" started-at="2020-11-28T01:17:03Z" finished-at="2020-11-28T01:17:03Z">
          <reporter-output>
          </reporter-output>
        </test-method> <!-- BeforeTest -->
        <test-method status="FAIL" signature="UploadFileTest()[pri:0, instance:WebGUITests@5a01ccaa]" name="UploadFileTest" duration-ms="8040" started-at="2020-11-28T01:17:03Z" finished-at="2020-11-28T01:17:11Z">
          <exception class="org.openqa.selenium.TimeoutException">
            <message>
              <![CDATA[timeout: Timed out receiving message from renderer: -0.005
  (Session info: chrome=87.0.4280.66)
Build info: version: '3.141.59', revision: 'e82be7d358', time: '2018-11-14T08:25:48'
System info: host: 'DESKTOP-HJ8S6EG', ip: '192.168.13.1', os.name: 'Windows 10', os.arch: 'amd64', os.version: '10.0', java.version: '1.8.0_191'
Driver info: org.openqa.selenium.chrome.ChromeDriver
Capabilities {acceptInsecureCerts: false, browserName: chrome, browserVersion: 87.0.4280.66, chrome: {chromedriverVersion: 87.0.4280.20 (c99e81631faa0..., userDataDir: C:\Users\ayosi\AppData\Loca...}, goog:chromeOptions: {debuggerAddress: localhost:56597}, javascriptEnabled: true, networkConnectionEnabled: false, pageLoadStrategy: normal, platform: WINDOWS, platformName: WINDOWS, proxy: Proxy(), setWindowRect: true, strictFileInteractability: false, timeouts: {implicit: 0, pageLoad: 300000, script: 30000}, unhandledPromptBehavior: dismiss and notify, webauthn:virtualAuthenticators: true}
Session ID: ae318fc355426fb7c06732189144e74a]]>
            </message>
            <full-stacktrace>
              <![CDATA[org.openqa.selenium.TimeoutException: timeout: Timed out receiving message from renderer: -0.005
  (Session info: chrome=87.0.4280.66)
Build info: version: '3.141.59', revision: 'e82be7d358', time: '2018-11-14T08:25:48'
System info: host: 'DESKTOP-HJ8S6EG', ip: '192.168.13.1', os.name: 'Windows 10', os.arch: 'amd64', os.version: '10.0', java.version: '1.8.0_191'
Driver info: org.openqa.selenium.chrome.ChromeDriver
Capabilities {acceptInsecureCerts: false, browserName: chrome, browserVersion: 87.0.4280.66, chrome: {chromedriverVersion: 87.0.4280.20 (c99e81631faa0..., userDataDir: C:\Users\ayosi\AppData\Loca...}, goog:chromeOptions: {debuggerAddress: localhost:56597}, javascriptEnabled: true, networkConnectionEnabled: false, pageLoadStrategy: normal, platform: WINDOWS, platformName: WINDOWS, proxy: Proxy(), setWindowRect: true, strictFileInteractability: false, timeouts: {implicit: 0, pageLoad: 300000, script: 30000}, unhandledPromptBehavior: dismiss and notify, webauthn:virtualAuthenticators: true}
Session ID: ae318fc355426fb7c06732189144e74a
	at sun.reflect.NativeConstructorAccessorImpl.newInstance0(Native Method)
	at sun.reflect.NativeConstructorAccessorImpl.newInstance(NativeConstructorAccessorImpl.java:62)
	at sun.reflect.DelegatingConstructorAccessorImpl.newInstance(DelegatingConstructorAccessorImpl.java:45)
	at java.lang.reflect.Constructor.newInstance(Constructor.java:423)
	at org.openqa.selenium.remote.http.W3CHttpResponseCodec.createException(W3CHttpResponseCodec.java:187)
	at org.openqa.selenium.remote.http.W3CHttpResponseCodec.decode(W3CHttpResponseCodec.java:122)
	at org.openqa.selenium.remote.http.W3CHttpResponseCodec.decode(W3CHttpResponseCodec.java:49)
	at org.openqa.selenium.remote.HttpCommandExecutor.execute(HttpCommandExecutor.java:158)
	at org.openqa.selenium.remote.service.DriverCommandExecutor.execute(DriverCommandExecutor.java:83)
	at org.openqa.selenium.remote.RemoteWebDriver.execute(RemoteWebDriver.java:552)
	at org.openqa.selenium.remote.RemoteWebDriver.get(RemoteWebDriver.java:277)
	at org.openqa.selenium.remote.RemoteWebDriver$RemoteNavigation.to(RemoteWebDriver.java:857)
	at WebGUITests.UploadFileTest(WebGUITests.java:50)
	at sun.reflect.NativeMethodAccessorImpl.invoke0(Native Method)
	at sun.reflect.NativeMethodAccessorImpl.invoke(NativeMethodAccessorImpl.java:62)
	at sun.reflect.DelegatingMethodAccessorImpl.invoke(DelegatingMethodAccessorImpl.java:43)
	at java.lang.reflect.Method.invoke(Method.java:498)
	at org.testng.internal.MethodInvocationHelper.invokeMethod(MethodInvocationHelper.java:80)
	at org.testng.internal.Invoker.invokeMethod(Invoker.java:714)
	at org.testng.internal.Invoker.invokeTestMethod(Invoker.java:901)
	at org.testng.internal.Invoker.invokeTestMethods(Invoker.java:1231)
	at org.testng.internal.TestMethodWorker.invokeTestMethods(TestMethodWorker.java:127)
	at org.testng.internal.TestMethodWorker.run(TestMethodWorker.java:111)
	at org.testng.TestRunner.privateRun(TestRunner.java:767)
	at org.testng.TestRunner.run(TestRunner.java:617)
	at org.testng.SuiteRunner.runTest(SuiteRunner.java:334)
	at org.testng.SuiteRunner.runSequentially(SuiteRunner.java:329)
	at org.testng.SuiteRunner.privateRun(SuiteRunner.java:291)
	at org.testng.SuiteRunner.run(SuiteRunner.java:240)
	at org.testng.SuiteRunnerWorker.runSuite(SuiteRunnerWorker.java:52)
	at org.testng.SuiteRunnerWorker.run(SuiteRunnerWorker.java:86)
	at org.testng.TestNG.runSuitesSequentially(TestNG.java:1198)
	at org.testng.TestNG.runSuitesLocally(TestNG.java:1123)
	at org.testng.TestNG.run(TestNG.java:1031)
	at com.intellij.rt.testng.IDEARemoteTestNG.run(IDEARemoteTestNG.java:66)
	at com.intellij.rt.testng.RemoteTestNGStarter.main(RemoteTestNGStarter.java:109)
]]>
            </full-stacktrace>
          </exception> <!-- org.openqa.selenium.TimeoutException -->
          <reporter-output>
          </reporter-output>
        </test-method> <!-- UploadFileTest -->
        <test-method status="PASS" signature="Screenshot(java.lang.reflect.Method)[pri:0, instance:WebGUITests@5a01ccaa]" name="Screenshot" is-config="true" duration-ms="60074" started-at="2020-11-28T01:17:11Z" finished-at="2020-11-28T01:18:11Z">
          <params>
            <param index="0">
              <value>
                <![CDATA[public void WebGUITests.UploadFileTest()]]>
              </value>
            </param>
          </params>
          <reporter-output>
          </reporter-output>
        </test-method> <!-- Screenshot -->
        <test-method status="PASS" signature="BeforeTest()[pri:0, instance:WebGUITests@5a01ccaa]" name="BeforeTest" is-config="true" duration-ms="15" started-at="2020-11-28T01:18:11Z" finished-at="2020-11-28T01:18:11Z">
          <reporter-output>
          </reporter-output>
        </test-method> <!-- BeforeTest -->
        <test-method status="PASS" signature="DynamicLoadTest()[pri:0, instance:WebGUITests@5a01ccaa]" name="DynamicLoadTest" duration-ms="25823" started-at="2020-11-28T01:18:11Z" finished-at="2020-11-28T01:18:37Z">
          <reporter-output>
          </reporter-output>
        </test-method> <!-- DynamicLoadTest -->
        <test-method status="PASS" signature="Screenshot(java.lang.reflect.Method)[pri:0, instance:WebGUITests@5a01ccaa]" name="Screenshot" is-config="true" duration-ms="332" started-at="2020-11-28T01:18:37Z" finished-at="2020-11-28T01:18:37Z">
          <params>
            <param index="0">
              <value>
                <![CDATA[public void WebGUITests.DynamicLoadTest()]]>
              </value>
            </param>
          </params>
          <reporter-output>
            <line>
              <![CDATA[C:\Users\ayosi\IdeaProjects\Terkwaz Task\TestScreenshots\DynamicLoadTest2020-11-28 01-18-37.png]]>
            </line>
          </reporter-output>
        </test-method> <!-- Screenshot -->
        <test-method status="PASS" signature="TearDown()[pri:0, instance:WebGUITests@5a01ccaa]" name="TearDown" is-config="true" duration-ms="663" started-at="2020-11-28T01:18:37Z" finished-at="2020-11-28T01:18:38Z">
          <reporter-output>
          </reporter-output>
        </test-method> <!-- TearDown -->
      </class> <!-- WebGUITests -->
      <class name="APITest">
        <test-method status="PASS" signature="Setup()[pri:0, instance:APITest@35851384]" name="Setup" is-config="true" duration-ms="459" started-at="2020-11-28T01:18:38Z" finished-at="2020-11-28T01:18:38Z">
          <reporter-output>
          </reporter-output>
        </test-method> <!-- Setup -->
        <test-method status="PASS" signature="GetRandomFact()[pri:0, instance:APITest@35851384]" name="GetRandomFact" duration-ms="22716" started-at="2020-11-28T01:18:38Z" finished-at="2020-11-28T01:19:01Z">
          <reporter-output>
            <line>
              <![CDATA[io.restassured.internal.ValidatableResponseImpl@6dd1c3ed]]>
            </line>
          </reporter-output>
        </test-method> <!-- GetRandomFact -->
      </class> <!-- APITest -->
    </test> <!-- GUI -->
  </suite> <!-- Suite -->
</testng-results>
